mode: set
github.com/hadisinaee/pz/prettierzap/beauty.go:50.41,52.25 2 1
github.com/hadisinaee/pz/prettierzap/beauty.go:58.2,58.14 1 0
github.com/hadisinaee/pz/prettierzap/beauty.go:52.25,53.15 1 1
github.com/hadisinaee/pz/prettierzap/beauty.go:56.3,56.19 1 1
github.com/hadisinaee/pz/prettierzap/beauty.go:53.15,55.4 1 1
github.com/hadisinaee/pz/prettierzap/beauty.go:62.43,64.25 2 1
github.com/hadisinaee/pz/prettierzap/beauty.go:70.2,70.14 1 0
github.com/hadisinaee/pz/prettierzap/beauty.go:64.25,65.27 1 1
github.com/hadisinaee/pz/prettierzap/beauty.go:68.3,68.19 1 1
github.com/hadisinaee/pz/prettierzap/beauty.go:65.27,67.4 1 1
github.com/hadisinaee/pz/prettierzap/beauty.go:74.50,77.78 2 1
github.com/hadisinaee/pz/prettierzap/beauty.go:85.2,86.29 2 1
github.com/hadisinaee/pz/prettierzap/beauty.go:95.2,95.11 1 1
github.com/hadisinaee/pz/prettierzap/beauty.go:77.78,79.3 1 1
github.com/hadisinaee/pz/prettierzap/beauty.go:79.8,79.74 1 1
github.com/hadisinaee/pz/prettierzap/beauty.go:79.74,81.3 1 1
github.com/hadisinaee/pz/prettierzap/beauty.go:81.8,81.65 1 1
github.com/hadisinaee/pz/prettierzap/beauty.go:81.65,83.3 1 1
github.com/hadisinaee/pz/prettierzap/beauty.go:86.29,87.31 1 1
github.com/hadisinaee/pz/prettierzap/beauty.go:87.31,89.9 2 1
github.com/hadisinaee/pz/prettierzap/beauty.go:90.9,90.23 1 1
github.com/hadisinaee/pz/prettierzap/beauty.go:90.23,92.9 2 1
github.com/hadisinaee/pz/prettierzap/beauty.go:99.70,106.29 2 1
github.com/hadisinaee/pz/prettierzap/beauty.go:121.2,121.13 1 1
github.com/hadisinaee/pz/prettierzap/beauty.go:153.2,153.26 1 1
github.com/hadisinaee/pz/prettierzap/beauty.go:162.2,163.42 2 1
github.com/hadisinaee/pz/prettierzap/beauty.go:171.2,173.27 2 1
github.com/hadisinaee/pz/prettierzap/beauty.go:195.2,195.13 1 1
github.com/hadisinaee/pz/prettierzap/beauty.go:106.29,110.22 3 1
github.com/hadisinaee/pz/prettierzap/beauty.go:114.3,114.12 1 1
github.com/hadisinaee/pz/prettierzap/beauty.go:110.22,112.4 1 0
github.com/hadisinaee/pz/prettierzap/beauty.go:114.12,116.4 1 1
github.com/hadisinaee/pz/prettierzap/beauty.go:116.9,118.4 1 1
github.com/hadisinaee/pz/prettierzap/beauty.go:121.13,124.12 2 1
github.com/hadisinaee/pz/prettierzap/beauty.go:124.12,125.13 1 1
github.com/hadisinaee/pz/prettierzap/beauty.go:147.4,147.124 1 1
github.com/hadisinaee/pz/prettierzap/beauty.go:126.18,128.29 1 1
github.com/hadisinaee/pz/prettierzap/beauty.go:129.18,131.30 1 0
github.com/hadisinaee/pz/prettierzap/beauty.go:132.19,134.29 1 1
github.com/hadisinaee/pz/prettierzap/beauty.go:135.31,137.29 1 1
github.com/hadisinaee/pz/prettierzap/beauty.go:138.19,140.30 1 1
github.com/hadisinaee/pz/prettierzap/beauty.go:141.19,145.29 1 1
github.com/hadisinaee/pz/prettierzap/beauty.go:148.9,150.4 1 1
github.com/hadisinaee/pz/prettierzap/beauty.go:153.26,154.12 1 1
github.com/hadisinaee/pz/prettierzap/beauty.go:154.12,156.4 1 1
github.com/hadisinaee/pz/prettierzap/beauty.go:156.9,158.4 1 1
github.com/hadisinaee/pz/prettierzap/beauty.go:163.42,165.3 1 1
github.com/hadisinaee/pz/prettierzap/beauty.go:165.8,165.86 1 1
github.com/hadisinaee/pz/prettierzap/beauty.go:165.86,167.3 1 1
github.com/hadisinaee/pz/prettierzap/beauty.go:167.8,169.3 1 1
github.com/hadisinaee/pz/prettierzap/beauty.go:173.27,179.9 5 1
github.com/hadisinaee/pz/prettierzap/beauty.go:187.3,187.25 1 1
github.com/hadisinaee/pz/prettierzap/beauty.go:193.3,193.43 1 1
github.com/hadisinaee/pz/prettierzap/beauty.go:179.9,186.4 5 1
github.com/hadisinaee/pz/prettierzap/beauty.go:187.25,188.27 1 1
github.com/hadisinaee/pz/prettierzap/beauty.go:188.27,191.5 2 1
github.com/hadisinaee/pz/prettierzap/beauty.go:199.61,200.24 1 1
github.com/hadisinaee/pz/prettierzap/beauty.go:204.2,217.34 2 1
github.com/hadisinaee/pz/prettierzap/beauty.go:248.2,248.27 1 1
github.com/hadisinaee/pz/prettierzap/beauty.go:257.2,257.26 1 1
github.com/hadisinaee/pz/prettierzap/beauty.go:272.2,272.17 1 1
github.com/hadisinaee/pz/prettierzap/beauty.go:200.24,202.3 1 1
github.com/hadisinaee/pz/prettierzap/beauty.go:217.34,218.16 1 1
github.com/hadisinaee/pz/prettierzap/beauty.go:230.3,230.14 1 1
github.com/hadisinaee/pz/prettierzap/beauty.go:242.3,242.52 1 1
github.com/hadisinaee/pz/prettierzap/beauty.go:218.16,219.23 1 1
github.com/hadisinaee/pz/prettierzap/beauty.go:220.19,221.13 1 1
github.com/hadisinaee/pz/prettierzap/beauty.go:222.13,224.15 2 1
github.com/hadisinaee/pz/prettierzap/beauty.go:225.12,226.21 1 1
github.com/hadisinaee/pz/prettierzap/beauty.go:230.14,231.36 1 1
github.com/hadisinaee/pz/prettierzap/beauty.go:232.19,233.13 1 1
github.com/hadisinaee/pz/prettierzap/beauty.go:234.13,236.36 2 1
github.com/hadisinaee/pz/prettierzap/beauty.go:237.12,238.19 1 1
github.com/hadisinaee/pz/prettierzap/beauty.go:242.52,243.9 1 1
github.com/hadisinaee/pz/prettierzap/beauty.go:248.27,254.3 5 1
github.com/hadisinaee/pz/prettierzap/beauty.go:257.26,258.27 1 1
github.com/hadisinaee/pz/prettierzap/beauty.go:269.3,270.17 2 1
github.com/hadisinaee/pz/prettierzap/beauty.go:259.12,262.23 3 1
github.com/hadisinaee/pz/prettierzap/beauty.go:263.12,266.23 3 1
github.com/hadisinaee/pz/prettierzap/beauty.go:276.77,277.23 1 1
github.com/hadisinaee/pz/prettierzap/beauty.go:284.2,284.12 1 1
github.com/hadisinaee/pz/prettierzap/beauty.go:277.23,279.17 2 1
github.com/hadisinaee/pz/prettierzap/beauty.go:282.3,282.21 1 1
github.com/hadisinaee/pz/prettierzap/beauty.go:279.17,281.4 1 0
github.com/hadisinaee/pz/prettierzap/parsedJSON.go:6.39,8.2 1 1
github.com/hadisinaee/pz/prettierzap/parsedJSON.go:11.43,13.2 1 1
github.com/hadisinaee/pz/prettierzap/parsedJSON.go:16.40,18.2 1 1
github.com/hadisinaee/pz/prettierzap/parsedJSON.go:21.37,24.25 2 1
github.com/hadisinaee/pz/prettierzap/parsedJSON.go:29.2,29.11 1 0
github.com/hadisinaee/pz/prettierzap/parsedJSON.go:24.25,25.25 1 1
github.com/hadisinaee/pz/prettierzap/parsedJSON.go:25.25,27.4 1 1
github.com/hadisinaee/pz/prettierzap/parsedJSON.go:34.49,36.22 2 1
github.com/hadisinaee/pz/prettierzap/parsedJSON.go:44.2,44.10 1 1
github.com/hadisinaee/pz/prettierzap/parsedJSON.go:36.22,37.14 1 1
github.com/hadisinaee/pz/prettierzap/parsedJSON.go:38.50,39.12 1 1
github.com/hadisinaee/pz/prettierzap/parsedJSON.go:40.11,41.20 1 1
